0 verbose cli /usr/local/bin/node /usr/local/bin/npm
1 info using npm@11.3.0
2 info using node@v22.15.0
3 silly config load:file:/usr/local/lib/node_modules/npm/npmrc
4 silly config load:file:/var/www/.npmrc
5 silly config load:file:/usr/local/etc/npmrc
6 verbose title npm install
7 verbose argv "install"
8 verbose logfile logs-max:10 dir:/var/www/.npm/_logs/2025-05-11T03_51_31_215Z-
9 verbose logfile /var/www/.npm/_logs/2025-05-11T03_51_31_215Z-debug-0.log
10 silly logfile start cleaning logs, removing 1 files
11 silly packumentCache heap:2197815296 maxSize:549453824 maxEntrySize:274726912
12 silly logfile done cleaning log files
13 silly idealTree buildDeps
14 silly reify moves {}
15 silly audit bulk request {
15 silly audit   '@alloc/quick-lru': [ '5.2.0' ],
15 silly audit   '@ampproject/remapping': [ '2.3.0' ],
15 silly audit   '@babel/code-frame': [ '7.27.1' ],
15 silly audit   '@babel/compat-data': [ '7.27.2' ],
15 silly audit   '@babel/core': [ '7.27.1' ],
15 silly audit   semver: [ '6.3.1', '7.7.1' ],
15 silly audit   '@babel/generator': [ '7.27.1' ],
15 silly audit   '@babel/helper-compilation-targets': [ '7.27.2' ],
15 silly audit   '@babel/helper-module-imports': [ '7.27.1' ],
15 silly audit   '@babel/helper-module-transforms': [ '7.27.1' ],
15 silly audit   '@babel/helper-plugin-utils': [ '7.27.1' ],
15 silly audit   '@babel/helper-string-parser': [ '7.27.1' ],
15 silly audit   '@babel/helper-validator-identifier': [ '7.27.1' ],
15 silly audit   '@babel/helper-validator-option': [ '7.27.1' ],
15 silly audit   '@babel/helpers': [ '7.27.1' ],
15 silly audit   '@babel/parser': [ '7.27.2' ],
15 silly audit   '@babel/plugin-transform-react-jsx-self': [ '7.27.1' ],
15 silly audit   '@babel/plugin-transform-react-jsx-source': [ '7.27.1' ],
15 silly audit   '@babel/template': [ '7.27.2' ],
15 silly audit   '@babel/traverse': [ '7.27.1' ],
15 silly audit   '@babel/types': [ '7.27.1' ],
15 silly audit   '@esbuild/aix-ppc64': [ '0.25.4' ],
15 silly audit   '@esbuild/android-arm': [ '0.25.4' ],
15 silly audit   '@esbuild/android-arm64': [ '0.25.4' ],
15 silly audit   '@esbuild/android-x64': [ '0.25.4' ],
15 silly audit   '@esbuild/darwin-arm64': [ '0.25.4' ],
15 silly audit   '@esbuild/darwin-x64': [ '0.25.4' ],
15 silly audit   '@esbuild/freebsd-arm64': [ '0.25.4' ],
15 silly audit   '@esbuild/freebsd-x64': [ '0.25.4' ],
15 silly audit   '@esbuild/linux-arm': [ '0.25.4' ],
15 silly audit   '@esbuild/linux-arm64': [ '0.25.4' ],
15 silly audit   '@esbuild/linux-ia32': [ '0.25.4' ],
15 silly audit   '@esbuild/linux-loong64': [ '0.25.4' ],
15 silly audit   '@esbuild/linux-mips64el': [ '0.25.4' ],
15 silly audit   '@esbuild/linux-ppc64': [ '0.25.4' ],
15 silly audit   '@esbuild/linux-riscv64': [ '0.25.4' ],
15 silly audit   '@esbuild/linux-s390x': [ '0.25.4' ],
15 silly audit   '@esbuild/linux-x64': [ '0.25.4' ],
15 silly audit   '@esbuild/netbsd-arm64': [ '0.25.4' ],
15 silly audit   '@esbuild/netbsd-x64': [ '0.25.4' ],
15 silly audit   '@esbuild/openbsd-arm64': [ '0.25.4' ],
15 silly audit   '@esbuild/openbsd-x64': [ '0.25.4' ],
15 silly audit   '@esbuild/sunos-x64': [ '0.25.4' ],
15 silly audit   '@esbuild/win32-arm64': [ '0.25.4' ],
15 silly audit   '@esbuild/win32-ia32': [ '0.25.4' ],
15 silly audit   '@esbuild/win32-x64': [ '0.25.4' ],
15 silly audit   '@eslint-community/eslint-utils': [ '4.7.0' ],
15 silly audit   '@eslint-community/regexpp': [ '4.12.1' ],
15 silly audit   '@eslint/eslintrc': [ '2.1.4' ],
15 silly audit   'brace-expansion': [ '1.1.11', '2.0.1' ],
15 silly audit   globals: [ '13.24.0', '11.12.0' ],
15 silly audit   minimatch: [ '3.1.2', '9.0.5' ],
15 silly audit   '@eslint/js': [ '8.57.1' ],
15 silly audit   '@floating-ui/core': [ '1.7.0' ],
15 silly audit   '@floating-ui/dom': [ '1.7.0' ],
15 silly audit   '@floating-ui/react': [ '0.26.28' ],
15 silly audit   '@floating-ui/react-dom': [ '2.1.2' ],
15 silly audit   '@floating-ui/utils': [ '0.2.9' ],
15 silly audit   '@headlessui/react': [ '2.2.2' ],
15 silly audit   '@humanwhocodes/config-array': [ '0.13.0' ],
15 silly audit   '@humanwhocodes/module-importer': [ '1.0.1' ],
15 silly audit   '@humanwhocodes/object-schema': [ '2.0.3' ],
15 silly audit   '@inertiajs/core': [ '2.0.9' ],
15 silly audit   '@inertiajs/react': [ '2.0.9' ],
15 silly audit   '@isaacs/cliui': [ '8.0.2' ],
15 silly audit   'ansi-regex': [ '6.1.0', '5.0.1' ],
15 silly audit   'ansi-styles': [ '6.2.1', '4.3.0' ],
15 silly audit   'emoji-regex': [ '9.2.2', '8.0.0' ],
15 silly audit   'string-width': [ '5.1.2', '4.2.3' ],
15 silly audit   'strip-ansi': [ '7.1.0', '6.0.1' ],
15 silly audit   'wrap-ansi': [ '8.1.0', '7.0.0' ],
15 silly audit   '@isaacs/fs-minipass': [ '4.0.1' ],
15 silly audit   '@jridgewell/gen-mapping': [ '0.3.8' ],
15 silly audit   '@jridgewell/resolve-uri': [ '3.1.2' ],
15 silly audit   '@jridgewell/set-array': [ '1.2.1' ],
15 silly audit   '@jridgewell/sourcemap-codec': [ '1.5.0' ],
15 silly audit   '@jridgewell/trace-mapping': [ '0.3.25' ],
15 silly audit   '@nodelib/fs.scandir': [ '2.1.5' ],
15 silly audit   '@nodelib/fs.stat': [ '2.0.5' ],
15 silly audit   '@nodelib/fs.walk': [ '1.2.8' ],
15 silly audit   '@pkgjs/parseargs': [ '0.11.0' ],
15 silly audit   '@pkgr/core': [ '0.2.4' ],
15 silly audit   '@react-aria/focus': [ '3.20.2' ],
15 silly audit   '@react-aria/interactions': [ '3.25.0' ],
15 silly audit   '@react-aria/ssr': [ '3.9.8' ],
15 silly audit   '@react-aria/utils': [ '3.28.2' ],
15 silly audit   '@react-stately/flags': [ '3.1.1' ],
15 silly audit   '@react-stately/utils': [ '3.10.6' ],
15 silly audit   '@react-types/shared': [ '3.29.0' ],
15 silly audit   '@rollup/rollup-android-arm-eabi': [ '4.40.2' ],
15 silly audit   '@rollup/rollup-android-arm64': [ '4.40.2' ],
15 silly audit   '@rollup/rollup-darwin-arm64': [ '4.40.2' ],
15 silly audit   '@rollup/rollup-darwin-x64': [ '4.40.2' ],
15 silly audit   '@rollup/rollup-freebsd-arm64': [ '4.40.2' ],
15 silly audit   '@rollup/rollup-freebsd-x64': [ '4.40.2' ],
15 silly audit   '@rollup/rollup-linux-arm-gnueabihf': [ '4.40.2' ],
15 silly audit   '@rollup/rollup-linux-arm-musleabihf': [ '4.40.2' ],
15 silly audit   '@rollup/rollup-linux-arm64-gnu': [ '4.40.2' ],
15 silly audit   '@rollup/rollup-linux-arm64-musl': [ '4.40.2' ],
15 silly audit   '@rollup/rollup-linux-loongarch64-gnu': [ '4.40.2' ],
15 silly audit   '@rollup/rollup-linux-powerpc64le-gnu': [ '4.40.2' ],
15 silly audit   '@rollup/rollup-linux-riscv64-gnu': [ '4.40.2' ],
15 silly audit   '@rollup/rollup-linux-riscv64-musl': [ '4.40.2' ],
15 silly audit   '@rollup/rollup-linux-s390x-gnu': [ '4.40.2' ],
15 silly audit   '@rollup/rollup-linux-x64-gnu': [ '4.40.2' ],
15 silly audit   '@rollup/rollup-linux-x64-musl': [ '4.40.2' ],
15 silly audit   '@rollup/rollup-win32-arm64-msvc': [ '4.40.2' ],
15 silly audit   '@rollup/rollup-win32-ia32-msvc': [ '4.40.2' ],
15 silly audit   '@rollup/rollup-win32-x64-msvc': [ '4.40.2' ],
15 silly audit   '@swc/helpers': [ '0.5.17' ],
15 silly audit   '@tailwindcss/forms': [ '0.5.10' ],
15 silly audit   '@tailwindcss/node': [ '4.1.6' ],
15 silly audit   tailwindcss: [ '4.1.6', '3.4.17' ],
15 silly audit   '@tailwindcss/oxide': [ '4.1.6' ],
15 silly audit   '@tailwindcss/oxide-android-arm64': [ '4.1.6' ],
15 silly audit   '@tailwindcss/oxide-darwin-arm64': [ '4.1.6' ],
15 silly audit   '@tailwindcss/oxide-darwin-x64': [ '4.1.6' ],
15 silly audit   '@tailwindcss/oxide-freebsd-x64': [ '4.1.6' ],
15 silly audit   '@tailwindcss/oxide-linux-arm-gnueabihf': [ '4.1.6' ],
15 silly audit   '@tailwindcss/oxide-linux-arm64-gnu': [ '4.1.6' ],
15 silly audit   '@tailwindcss/oxide-linux-arm64-musl': [ '4.1.6' ],
15 silly audit   '@tailwindcss/oxide-linux-x64-gnu': [ '4.1.6' ],
15 silly audit   '@tailwindcss/oxide-linux-x64-musl': [ '4.1.6' ],
15 silly audit   '@tailwindcss/oxide-wasm32-wasi': [ '4.1.6' ],
15 silly audit   '@tailwindcss/oxide-win32-arm64-msvc': [ '4.1.6' ],
15 silly audit   '@tailwindcss/oxide-win32-x64-msvc': [ '4.1.6' ],
15 silly audit   '@tailwindcss/vite': [ '4.1.6' ],
15 silly audit   '@tanstack/react-virtual': [ '3.13.8' ],
15 silly audit   '@tanstack/virtual-core': [ '3.13.8' ],
15 silly audit   '@types/babel__core': [ '7.20.5' ],
15 silly audit   '@types/babel__generator': [ '7.27.0' ],
15 silly audit   '@types/babel__template': [ '7.4.4' ],
15 silly audit   '@types/babel__traverse': [ '7.20.7' ],
15 silly audit   '@types/estree': [ '1.0.7' ],
15 silly audit   '@types/node': [ '18.19.100' ],
15 silly audit   '@types/prop-types': [ '15.7.14' ],
15 silly audit   '@types/react': [ '18.3.21' ],
15 silly audit   '@types/react-dom': [ '18.3.7' ],
15 silly audit   '@typescript-eslint/eslint-plugin': [ '7.18.0' ],
15 silly audit   '@typescript-eslint/parser': [ '7.18.0' ],
15 silly audit   '@typescript-eslint/scope-manager': [ '7.18.0' ],
15 silly audit   '@typescript-eslint/type-utils': [ '7.18.0' ],
15 silly audit   '@typescript-eslint/types': [ '7.18.0' ],
15 silly audit   '@typescript-eslint/typescript-estree': [ '7.18.0' ],
15 silly audit   '@typescript-eslint/utils': [ '7.18.0' ],
15 silly audit   '@typescript-eslint/visitor-keys': [ '7.18.0' ],
15 silly audit   '@ungap/structured-clone': [ '1.3.0' ],
15 silly audit   '@vitejs/plugin-react': [ '4.4.1' ],
15 silly audit   acorn: [ '8.14.1' ],
15 silly audit   'acorn-jsx': [ '5.3.2' ],
15 silly audit   ajv: [ '6.12.6' ],
15 silly audit   'any-promise': [ '1.3.0' ],
15 silly audit   anymatch: [ '3.1.3' ],
15 silly audit   arg: [ '5.0.2' ],
15 silly audit   argparse: [ '2.0.1' ],
15 silly audit   'array-buffer-byte-length': [ '1.0.2' ],
15 silly audit   'array-includes': [ '3.1.8' ],
15 silly audit   'array-union': [ '2.1.0' ],
15 silly audit   'array.prototype.findlast': [ '1.2.5' ],
15 silly audit   'array.prototype.flat': [ '1.3.3' ],
15 silly audit   'array.prototype.flatmap': [ '1.3.3' ],
15 silly audit   'array.prototype.tosorted': [ '1.1.4' ],
15 silly audit   'arraybuffer.prototype.slice': [ '1.0.4' ],
15 silly audit   'async-function': [ '1.0.0' ],
15 silly audit   asynckit: [ '0.4.0' ],
15 silly audit   autoprefixer: [ '10.4.21' ],
15 silly audit   'available-typed-arrays': [ '1.0.7' ],
15 silly audit   axios: [ '1.9.0' ],
15 silly audit   'balanced-match': [ '1.0.2' ],
15 silly audit   'binary-extensions': [ '2.3.0' ],
15 silly audit   braces: [ '3.0.3' ],
15 silly audit   browserslist: [ '4.24.5' ],
15 silly audit   'call-bind': [ '1.0.8' ],
15 silly audit   'call-bind-apply-helpers': [ '1.0.2' ],
15 silly audit   'call-bound': [ '1.0.4' ],
15 silly audit   callsites: [ '3.1.0' ],
15 silly audit   'camelcase-css': [ '2.0.1' ],
15 silly audit   'caniuse-lite': [ '1.0.30001717' ],
15 silly audit   chalk: [ '4.1.2' ],
15 silly audit   'supports-color': [ '7.2.0', '8.1.1' ],
15 silly audit   chokidar: [ '3.6.0' ],
15 silly audit   'glob-parent': [ '5.1.2', '6.0.2' ],
15 silly audit   chownr: [ '3.0.0' ],
15 silly audit   cliui: [ '8.0.1' ],
15 silly audit   clsx: [ '2.1.1' ],
15 silly audit   'color-convert': [ '2.0.1' ],
15 silly audit   'color-name': [ '1.1.4' ],
15 silly audit   'combined-stream': [ '1.0.8' ],
15 silly audit   commander: [ '4.1.1' ],
15 silly audit   'concat-map': [ '0.0.1' ],
15 silly audit   concurrently: [ '9.1.2' ],
15 silly audit   'convert-source-map': [ '2.0.0' ],
15 silly audit   'cross-spawn': [ '7.0.6' ],
15 silly audit   cssesc: [ '3.0.0' ],
15 silly audit   csstype: [ '3.1.3' ],
15 silly audit   'data-view-buffer': [ '1.0.2' ],
15 silly audit   'data-view-byte-length': [ '1.0.2' ],
15 silly audit   'data-view-byte-offset': [ '1.0.1' ],
15 silly audit   debug: [ '4.4.0' ],
15 silly audit   'deep-is': [ '0.1.4' ],
15 silly audit   'define-data-property': [ '1.1.4' ],
15 silly audit   'define-properties': [ '1.2.1' ],
15 silly audit   'delayed-stream': [ '1.0.0' ],
15 silly audit   'detect-libc': [ '2.0.4' ],
15 silly audit   didyoumean: [ '1.2.2' ],
15 silly audit   'dir-glob': [ '3.0.1' ],
15 silly audit   dlv: [ '1.1.3' ],
15 silly audit   doctrine: [ '3.0.0', '2.1.0' ],
15 silly audit   'dunder-proto': [ '1.0.1' ],
15 silly audit   eastasianwidth: [ '0.2.0' ],
15 silly audit   'electron-to-chromium': [ '1.5.151' ],
15 silly audit   'enhanced-resolve': [ '5.18.1' ],
15 silly audit   'es-abstract': [ '1.23.9' ],
15 silly audit   'es-define-property': [ '1.0.1' ],
15 silly audit   'es-errors': [ '1.3.0' ],
15 silly audit   'es-iterator-helpers': [ '1.2.1' ],
15 silly audit   'es-object-atoms': [ '1.1.1' ],
15 silly audit   'es-set-tostringtag': [ '2.1.0' ],
15 silly audit   'es-shim-unscopables': [ '1.1.0' ],
15 silly audit   'es-to-primitive': [ '1.3.0' ],
15 silly audit   'es-toolkit': [ '1.37.2' ],
15 silly audit   esbuild: [ '0.25.4' ],
15 silly audit   escalade: [ '3.2.0' ],
15 silly audit   'escape-string-regexp': [ '4.0.0' ],
15 silly audit   eslint: [ '8.57.1' ],
15 silly audit   'eslint-config-prettier': [ '9.1.0' ],
15 silly audit   'eslint-plugin-prettier': [ '5.4.0' ],
15 silly audit   'eslint-plugin-react': [ '7.37.5' ],
15 silly audit   'eslint-plugin-react-hooks': [ '4.6.2' ],
15 silly audit   'eslint-scope': [ '7.2.2' ],
15 silly audit   'eslint-visitor-keys': [ '3.4.3' ],
15 silly audit   espree: [ '9.6.1' ],
15 silly audit   esquery: [ '1.6.0' ],
15 silly audit   esrecurse: [ '4.3.0' ],
15 silly audit   estraverse: [ '5.3.0' ],
15 silly audit   esutils: [ '2.0.3' ],
15 silly audit   'fast-deep-equal': [ '3.1.3' ],
15 silly audit   'fast-diff': [ '1.3.0' ],
15 silly audit   'fast-glob': [ '3.3.3' ],
15 silly audit   'fast-json-stable-stringify': [ '2.1.0' ],
15 silly audit   'fast-levenshtein': [ '2.0.6' ],
15 silly audit   fastq: [ '1.19.1' ],
15 silly audit   'file-entry-cache': [ '6.0.1' ],
15 silly audit   'fill-range': [ '7.1.1' ],
15 silly audit   'find-up': [ '5.0.0' ],
15 silly audit   'flat-cache': [ '3.2.0' ],
15 silly audit   flatted: [ '3.3.3' ],
15 silly audit   'follow-redirects': [ '1.15.9' ],
15 silly audit   'for-each': [ '0.3.5' ],
15 silly audit   'foreground-child': [ '3.3.1' ],
15 silly audit   'form-data': [ '4.0.2' ],
15 silly audit   'fraction.js': [ '4.3.7' ],
15 silly audit   'fs.realpath': [ '1.0.0' ],
15 silly audit   fsevents: [ '2.3.3' ],
15 silly audit   'function-bind': [ '1.1.2' ],
15 silly audit   'function.prototype.name': [ '1.1.8' ],
15 silly audit   'functions-have-names': [ '1.2.3' ],
15 silly audit   gensync: [ '1.0.0-beta.2' ],
15 silly audit   'get-caller-file': [ '2.0.5' ],
15 silly audit   'get-intrinsic': [ '1.3.0' ],
15 silly audit   'get-proto': [ '1.0.1' ],
15 silly audit   'get-symbol-description': [ '1.1.0' ],
15 silly audit   glob: [ '7.2.3', '10.4.5' ],
15 silly audit   globalthis: [ '1.0.4' ],
15 silly audit   globby: [ '11.1.0' ],
15 silly audit   gopd: [ '1.2.0' ],
15 silly audit   'graceful-fs': [ '4.2.11' ],
15 silly audit   graphemer: [ '1.4.0' ],
15 silly audit   'has-bigints': [ '1.1.0' ],
15 silly audit   'has-flag': [ '4.0.0' ],
15 silly audit   'has-property-descriptors': [ '1.0.2' ],
15 silly audit   'has-proto': [ '1.2.0' ],
15 silly audit   'has-symbols': [ '1.1.0' ],
15 silly audit   'has-tostringtag': [ '1.0.2' ],
15 silly audit   hasown: [ '2.0.2' ],
15 silly audit   ignore: [ '5.3.2' ],
15 silly audit   'import-fresh': [ '3.3.1' ],
15 silly audit   imurmurhash: [ '0.1.4' ],
15 silly audit   inflight: [ '1.0.6' ],
15 silly audit   inherits: [ '2.0.4' ],
15 silly audit   'internal-slot': [ '1.1.0' ],
15 silly audit   'is-array-buffer': [ '3.0.5' ],
15 silly audit   'is-async-function': [ '2.1.1' ],
15 silly audit   'is-bigint': [ '1.1.0' ],
15 silly audit   'is-binary-path': [ '2.1.0' ],
15 silly audit   'is-boolean-object': [ '1.2.2' ],
15 silly audit   'is-callable': [ '1.2.7' ],
15 silly audit   'is-core-module': [ '2.16.1' ],
15 silly audit   'is-data-view': [ '1.0.2' ],
15 silly audit   'is-date-object': [ '1.1.0' ],
15 silly audit   'is-extglob': [ '2.1.1' ],
15 silly audit   'is-finalizationregistry': [ '1.1.1' ],
15 silly audit   'is-fullwidth-code-point': [ '3.0.0' ],
15 silly audit   'is-generator-function': [ '1.1.0' ],
15 silly audit   'is-glob': [ '4.0.3' ],
15 silly audit   'is-map': [ '2.0.3' ],
15 silly audit   'is-number': [ '7.0.0' ],
15 silly audit   'is-number-object': [ '1.1.1' ],
15 silly audit   'is-path-inside': [ '3.0.3' ],
15 silly audit   'is-regex': [ '1.2.1' ],
15 silly audit   'is-set': [ '2.0.3' ],
15 silly audit   'is-shared-array-buffer': [ '1.0.4' ],
15 silly audit   'is-string': [ '1.1.1' ],
15 silly audit   'is-symbol': [ '1.1.1' ],
15 silly audit   'is-typed-array': [ '1.1.15' ],
15 silly audit   'is-weakmap': [ '2.0.2' ],
15 silly audit   'is-weakref': [ '1.1.1' ],
15 silly audit   'is-weakset': [ '2.0.4' ],
15 silly audit   isarray: [ '2.0.5' ],
15 silly audit   isexe: [ '2.0.0' ],
15 silly audit   'iterator.prototype': [ '1.1.5' ],
15 silly audit   jackspeak: [ '3.4.3' ],
15 silly audit   jiti: [ '2.4.2', '1.21.7' ],
15 silly audit   'js-tokens': [ '4.0.0' ],
15 silly audit   'js-yaml': [ '4.1.0' ],
15 silly audit   jsesc: [ '3.1.0' ],
15 silly audit   'json-buffer': [ '3.0.1' ],
15 silly audit   'json-schema-traverse': [ '0.4.1' ],
15 silly audit   'json-stable-stringify-without-jsonify': [ '1.0.1' ],
15 silly audit   json5: [ '2.2.3' ],
15 silly audit   'jsx-ast-utils': [ '3.3.5' ],
15 silly audit   keyv: [ '4.5.4' ],
15 silly audit   'laravel-vite-plugin': [ '1.2.0' ],
15 silly audit   levn: [ '0.4.1' ],
15 silly audit   lightningcss: [ '1.29.2' ],
15 silly audit   'lightningcss-darwin-arm64': [ '1.29.2' ],
15 silly audit   'lightningcss-darwin-x64': [ '1.29.2' ],
15 silly audit   'lightningcss-freebsd-x64': [ '1.29.2' ],
15 silly audit   'lightningcss-linux-arm-gnueabihf': [ '1.29.2' ],
15 silly audit   'lightningcss-linux-arm64-gnu': [ '1.29.2' ],
15 silly audit   'lightningcss-linux-arm64-musl': [ '1.29.2' ],
15 silly audit   'lightningcss-linux-x64-gnu': [ '1.29.2' ],
15 silly audit   'lightningcss-linux-x64-musl': [ '1.29.2' ],
15 silly audit   'lightningcss-win32-arm64-msvc': [ '1.29.2' ],
15 silly audit   'lightningcss-win32-x64-msvc': [ '1.29.2' ],
15 silly audit   lilconfig: [ '3.1.3' ],
15 silly audit   'lines-and-columns': [ '1.2.4' ],
15 silly audit   'locate-path': [ '6.0.0' ],
15 silly audit   lodash: [ '4.17.21' ],
15 silly audit   'lodash.merge': [ '4.6.2' ],
15 silly audit   'loose-envify': [ '1.4.0' ],
15 silly audit   'lru-cache': [ '5.1.1', '10.4.3' ],
15 silly audit   'magic-string': [ '0.30.17' ],
15 silly audit   'math-intrinsics': [ '1.1.0' ],
15 silly audit   merge2: [ '1.4.1' ],
15 silly audit   micromatch: [ '4.0.8' ],
15 silly audit   'mime-db': [ '1.52.0' ],
15 silly audit   'mime-types': [ '2.1.35' ],
15 silly audit   'mini-svg-data-uri': [ '1.4.4' ],
15 silly audit   minipass: [ '7.1.2' ],
15 silly audit   minizlib: [ '3.0.2' ],
15 silly audit   mkdirp: [ '3.0.1' ],
15 silly audit   ms: [ '2.1.3' ],
15 silly audit   mz: [ '2.7.0' ],
15 silly audit   nanoid: [ '3.3.11' ],
15 silly audit   'natural-compare': [ '1.4.0' ],
15 silly audit   'node-releases': [ '2.0.19' ],
15 silly audit   'normalize-path': [ '3.0.0' ],
15 silly audit   'normalize-range': [ '0.1.2' ],
15 silly audit   'object-assign': [ '4.1.1' ],
15 silly audit   'object-hash': [ '3.0.0' ],
15 silly audit   'object-inspect': [ '1.13.4' ],
15 silly audit   'object-keys': [ '1.1.1' ],
15 silly audit   'object.assign': [ '4.1.7' ],
15 silly audit   'object.entries': [ '1.1.9' ],
15 silly audit   'object.fromentries': [ '2.0.8' ],
15 silly audit   'object.values': [ '1.2.1' ],
15 silly audit   once: [ '1.4.0' ],
15 silly audit   optionator: [ '0.9.4' ],
15 silly audit   'own-keys': [ '1.0.1' ],
15 silly audit   'p-limit': [ '3.1.0' ],
15 silly audit   'p-locate': [ '5.0.0' ],
15 silly audit   'package-json-from-dist': [ '1.0.1' ],
15 silly audit   'parent-module': [ '1.0.1' ],
15 silly audit   'path-exists': [ '4.0.0' ],
15 silly audit   'path-is-absolute': [ '1.0.1' ],
15 silly audit   'path-key': [ '3.1.1' ],
15 silly audit   'path-parse': [ '1.0.7' ],
15 silly audit   'path-scurry': [ '1.11.1' ],
15 silly audit   'path-type': [ '4.0.0' ],
15 silly audit   picocolors: [ '1.1.1' ],
15 silly audit   picomatch: [ '2.3.1', '4.0.2' ],
15 silly audit   pify: [ '2.3.0' ],
15 silly audit   pirates: [ '4.0.7' ],
15 silly audit   'possible-typed-array-names': [ '1.1.0' ],
15 silly audit   postcss: [ '8.5.3' ],
15 silly audit   'postcss-import': [ '15.1.0' ],
15 silly audit   resolve: [ '1.22.10', '2.0.0-next.5' ],
15 silly audit   'postcss-js': [ '4.0.1' ],
15 silly audit   'postcss-load-config': [ '4.0.2' ],
15 silly audit   'postcss-nested': [ '6.2.0' ],
15 silly audit   'postcss-selector-parser': [ '6.1.2' ],
15 silly audit   'postcss-value-parser': [ '4.2.0' ],
15 silly audit   'prelude-ls': [ '1.2.1' ],
15 silly audit   prettier: [ '3.5.3' ],
15 silly audit   'prettier-linter-helpers': [ '1.0.0' ],
15 silly audit   'prettier-plugin-organize-imports': [ '4.1.0' ],
15 silly audit   'prettier-plugin-tailwindcss': [ '0.6.11' ],
15 silly audit   'prop-types': [ '15.8.1' ],
15 silly audit   'proxy-from-env': [ '1.1.0' ],
15 silly audit   punycode: [ '2.3.1' ],
15 silly audit   qs: [ '6.14.0' ],
15 silly audit   'queue-microtask': [ '1.2.3' ],
15 silly audit   react: [ '18.3.1' ],
15 silly audit   'react-dom': [ '18.3.1' ],
15 silly audit   'react-is': [ '16.13.1' ],
15 silly audit   'react-refresh': [ '0.17.0' ],
15 silly audit   'read-cache': [ '1.0.0' ],
15 silly audit   readdirp: [ '3.6.0' ],
15 silly audit   'reflect.getprototypeof': [ '1.0.10' ],
15 silly audit   'regexp.prototype.flags': [ '1.5.4' ],
15 silly audit   'require-directory': [ '2.1.1' ],
15 silly audit   'resolve-from': [ '4.0.0' ],
15 silly audit   reusify: [ '1.1.0' ],
15 silly audit   rimraf: [ '3.0.2' ],
15 silly audit   rollup: [ '4.40.2' ],
15 silly audit   'run-parallel': [ '1.2.0' ],
15 silly audit   rxjs: [ '7.8.2' ],
15 silly audit   'safe-array-concat': [ '1.1.3' ],
15 silly audit   'safe-push-apply': [ '1.0.0' ],
15 silly audit   'safe-regex-test': [ '1.1.0' ],
15 silly audit   scheduler: [ '0.23.2' ],
15 silly audit   'set-function-length': [ '1.2.2' ],
15 silly audit   'set-function-name': [ '2.0.2' ],
15 silly audit   'set-proto': [ '1.0.0' ],
15 silly audit   'shebang-command': [ '2.0.0' ],
15 silly audit   'shebang-regex': [ '3.0.0' ],
15 silly audit   'shell-quote': [ '1.8.2' ],
15 silly audit   'side-channel': [ '1.1.0' ],
15 silly audit   'side-channel-list': [ '1.0.0' ],
15 silly audit   'side-channel-map': [ '1.0.1' ],
15 silly audit   'side-channel-weakmap': [ '1.0.2' ],
15 silly audit   'signal-exit': [ '4.1.0' ],
15 silly audit   slash: [ '3.0.0' ],
15 silly audit   'source-map-js': [ '1.2.1' ],
15 silly audit   'string.prototype.matchall': [ '4.0.12' ],
15 silly audit   'string.prototype.repeat': [ '1.0.0' ],
15 silly audit   'string.prototype.trim': [ '1.2.10' ],
15 silly audit   'string.prototype.trimend': [ '1.0.9' ],
15 silly audit   'string.prototype.trimstart': [ '1.0.8' ],
15 silly audit   'strip-json-comments': [ '3.1.1' ],
15 silly audit   sucrase: [ '3.35.0' ],
15 silly audit   'supports-preserve-symlinks-flag': [ '1.0.0' ],
15 silly audit   synckit: [ '0.11.4' ],
15 silly audit   tabbable: [ '6.2.0' ],
15 silly audit   tapable: [ '2.2.1' ],
15 silly audit   tar: [ '7.4.3' ],
15 silly audit   yallist: [ '5.0.0', '3.1.1' ],
15 silly audit   'text-table': [ '0.2.0' ],
15 silly audit   thenify: [ '3.3.1' ],
15 silly audit   'thenify-all': [ '1.6.0' ],
15 silly audit   tinyglobby: [ '0.2.13' ],
15 silly audit   fdir: [ '6.4.4' ],
15 silly audit   'to-regex-range': [ '5.0.1' ],
15 silly audit   'tree-kill': [ '1.2.2' ],
15 silly audit   'ts-api-utils': [ '1.4.3' ],
15 silly audit   'ts-interface-checker': [ '0.1.13' ],
15 silly audit   tslib: [ '2.8.1' ],
15 silly audit   'type-check': [ '0.4.0' ],
15 silly audit   'type-fest': [ '0.20.2' ],
15 silly audit   'typed-array-buffer': [ '1.0.3' ],
15 silly audit   'typed-array-byte-length': [ '1.0.3' ],
15 silly audit   'typed-array-byte-offset': [ '1.0.4' ],
15 silly audit   'typed-array-length': [ '1.0.7' ],
15 silly audit   typescript: [ '5.8.3' ],
15 silly audit   'unbox-primitive': [ '1.1.0' ],
15 silly audit   'undici-types': [ '5.26.5' ],
15 silly audit   'update-browserslist-db': [ '1.1.3' ],
15 silly audit   'uri-js': [ '4.4.1' ],
15 silly audit   'use-sync-external-store': [ '1.5.0' ],
15 silly audit   'util-deprecate': [ '1.0.2' ],
15 silly audit   vite: [ '6.3.5' ],
15 silly audit   'vite-plugin-full-reload': [ '1.2.0' ],
15 silly audit   which: [ '2.0.2' ],
15 silly audit   'which-boxed-primitive': [ '1.1.1' ],
15 silly audit   'which-builtin-type': [ '1.2.1' ],
15 silly audit   'which-collection': [ '1.0.2' ],
15 silly audit   'which-typed-array': [ '1.1.19' ],
15 silly audit   'word-wrap': [ '1.2.5' ],
15 silly audit   wrappy: [ '1.0.2' ],
15 silly audit   y18n: [ '5.0.8' ],
15 silly audit   yaml: [ '2.7.1' ],
15 silly audit   yargs: [ '17.7.2' ],
15 silly audit   'yargs-parser': [ '21.1.1' ],
15 silly audit   'yocto-queue': [ '0.1.0' ]
15 silly audit }
16 http fetch POST 200 https://registry.npmjs.org/-/npm/v1/security/advisories/bulk 510ms
17 silly audit report {}
18 verbose cwd /var/www
19 verbose os Linux 5.15.167.4-microsoft-standard-WSL2
20 verbose node v22.15.0
21 verbose npm  v11.3.0
22 verbose exit 0
23 info ok
